c:\users\timmy\desktop\flashcard\cef-project\build\flashcard\flashcard.dir\release\flashcard.obj
c:\users\timmy\desktop\flashcard\cef-project\build\flashcard\flashcard.dir\release\cefsimple_win.obj
c:\users\timmy\desktop\flashcard\cef-project\build\flashcard\flashcard.dir\release\deckhandler.obj
c:\users\timmy\desktop\flashcard\cef-project\build\flashcard\flashcard.dir\release\maincontext.obj
c:\users\timmy\desktop\flashcard\cef-project\build\flashcard\flashcard.dir\release\filehandler.obj
c:\users\timmy\desktop\flashcard\cef-project\build\flashcard\flashcard.dir\release\simple_handler.obj
c:\users\timmy\desktop\flashcard\cef-project\build\flashcard\flashcard.dir\release\deck.obj
c:\users\timmy\desktop\flashcard\cef-project\build\flashcard\flashcard.dir\release\simple_handler_win.obj
c:\users\timmy\desktop\flashcard\cef-project\build\flashcard\flashcard.dir\release\viewwindow.obj
c:\users\timmy\desktop\flashcard\cef-project\build\flashcard\flashcard.dir\release\messagerouter.obj
c:\users\timmy\desktop\flashcard\cef-project\build\flashcard\flashcard.dir\release\vc142.pdb
c:\users\timmy\desktop\flashcard\cef-project\build\flashcard\cmakefiles\generate.stamp
c:\users\timmy\desktop\flashcard\cef-project\build\flashcard\release\flashcard.lib
c:\users\timmy\desktop\flashcard\cef-project\build\flashcard\release\flashcard.exp
c:\users\timmy\desktop\flashcard\cef-project\build\flashcard\flashcard.dir\release\vcpkg.applocal.log
c:\users\timmy\desktop\flashcard\cef-project\build\flashcard\release\flashcard.exe
c:\users\timmy\desktop\flashcard\cef-project\build\flashcard\flashcard.dir\release\cefsimple.res
c:\users\timmy\desktop\flashcard\cef-project\build\flashcard\flashcard.dir\release\flashcard.tlog\cl.command.1.tlog
c:\users\timmy\desktop\flashcard\cef-project\build\flashcard\flashcard.dir\release\flashcard.tlog\cl.read.1.tlog
c:\users\timmy\desktop\flashcard\cef-project\build\flashcard\flashcard.dir\release\flashcard.tlog\cl.write.1.tlog
c:\users\timmy\desktop\flashcard\cef-project\build\flashcard\flashcard.dir\release\flashcard.tlog\custombuild.command.1.tlog
c:\users\timmy\desktop\flashcard\cef-project\build\flashcard\flashcard.dir\release\flashcard.tlog\custombuild.read.1.tlog
c:\users\timmy\desktop\flashcard\cef-project\build\flashcard\flashcard.dir\release\flashcard.tlog\custombuild.write.1.tlog
c:\users\timmy\desktop\flashcard\cef-project\build\flashcard\flashcard.dir\release\flashcard.tlog\flashcard.write.1u.tlog
c:\users\timmy\desktop\flashcard\cef-project\build\flashcard\flashcard.dir\release\flashcard.tlog\link.command.1.tlog
c:\users\timmy\desktop\flashcard\cef-project\build\flashcard\flashcard.dir\release\flashcard.tlog\link.read.1.tlog
c:\users\timmy\desktop\flashcard\cef-project\build\flashcard\flashcard.dir\release\flashcard.tlog\link.write.1.tlog
c:\users\timmy\desktop\flashcard\cef-project\build\flashcard\flashcard.dir\release\flashcard.tlog\rc.command.1.tlog
c:\users\timmy\desktop\flashcard\cef-project\build\flashcard\flashcard.dir\release\flashcard.tlog\rc.read.1.tlog
c:\users\timmy\desktop\flashcard\cef-project\build\flashcard\flashcard.dir\release\flashcard.tlog\rc.write.1.tlog
