c:\users\timmy\desktop\flashcard\cef-project\build\flashcard\flashcard.dir\debug\maincontext.obj
c:\users\timmy\desktop\flashcard\cef-project\build\flashcard\flashcard.dir\debug\cefsimple_win.obj
c:\users\timmy\desktop\flashcard\cef-project\build\flashcard\flashcard.dir\debug\simple_handler_win.obj
c:\users\timmy\desktop\flashcard\cef-project\build\flashcard\flashcard.dir\debug\simple_handler.obj
c:\users\timmy\desktop\flashcard\cef-project\build\flashcard\flashcard.dir\debug\messagerouter.obj
c:\users\timmy\desktop\flashcard\cef-project\build\flashcard\flashcard.dir\debug\viewwindow.obj
c:\users\timmy\desktop\flashcard\cef-project\build\flashcard\flashcard.dir\debug\flashcard.obj
c:\users\timmy\desktop\flashcard\cef-project\build\flashcard\flashcard.dir\debug\deck.obj
c:\users\timmy\desktop\flashcard\cef-project\build\flashcard\flashcard.dir\debug\filehandler.obj
c:\users\timmy\desktop\flashcard\cef-project\build\flashcard\flashcard.dir\debug\deckhandler.obj
c:\users\timmy\desktop\flashcard\cef-project\build\flashcard\cmakefiles\generate.stamp
c:\users\timmy\desktop\flashcard\cef-project\build\flashcard\debug\flashcard.lib
c:\users\timmy\desktop\flashcard\cef-project\build\flashcard\debug\flashcard.exp
c:\users\timmy\desktop\flashcard\cef-project\build\flashcard\flashcard.dir\debug\vcpkg.applocal.log
c:\users\timmy\desktop\flashcard\cef-project\build\flashcard\flashcard.dir\debug\flashcard.ilk
c:\users\timmy\desktop\flashcard\cef-project\build\flashcard\debug\flashcard.exe
c:\users\timmy\desktop\flashcard\cef-project\build\flashcard\debug\flashcard.pdb
c:\users\timmy\desktop\flashcard\cef-project\build\flashcard\flashcard.dir\debug\cefsimple.res
c:\users\timmy\desktop\flashcard\cef-project\build\flashcard\flashcard.dir\debug\vc142.pdb
c:\users\timmy\desktop\flashcard\cef-project\build\flashcard\flashcard.dir\debug\flashcard.tlog\cl.11808.write.1.tlog
c:\users\timmy\desktop\flashcard\cef-project\build\flashcard\flashcard.dir\debug\flashcard.tlog\cl.command.1.tlog
c:\users\timmy\desktop\flashcard\cef-project\build\flashcard\flashcard.dir\debug\flashcard.tlog\cl.read.1.tlog
c:\users\timmy\desktop\flashcard\cef-project\build\flashcard\flashcard.dir\debug\flashcard.tlog\custombuild.command.1.tlog
c:\users\timmy\desktop\flashcard\cef-project\build\flashcard\flashcard.dir\debug\flashcard.tlog\custombuild.read.1.tlog
c:\users\timmy\desktop\flashcard\cef-project\build\flashcard\flashcard.dir\debug\flashcard.tlog\custombuild.write.1.tlog
c:\users\timmy\desktop\flashcard\cef-project\build\flashcard\flashcard.dir\debug\flashcard.tlog\flashcard.write.1u.tlog
c:\users\timmy\desktop\flashcard\cef-project\build\flashcard\flashcard.dir\debug\flashcard.tlog\link.command.1.tlog
c:\users\timmy\desktop\flashcard\cef-project\build\flashcard\flashcard.dir\debug\flashcard.tlog\link.read.1.tlog
c:\users\timmy\desktop\flashcard\cef-project\build\flashcard\flashcard.dir\debug\flashcard.tlog\link.write.1.tlog
c:\users\timmy\desktop\flashcard\cef-project\build\flashcard\flashcard.dir\debug\flashcard.tlog\rc.command.1.tlog
c:\users\timmy\desktop\flashcard\cef-project\build\flashcard\flashcard.dir\debug\flashcard.tlog\rc.read.1.tlog
c:\users\timmy\desktop\flashcard\cef-project\build\flashcard\flashcard.dir\debug\flashcard.tlog\rc.write.1.tlog
